<?xml version="1.0" encoding="UTF-8"?>
<!-- Generated by org.testng.reporters.JUnitXMLReporter -->
<testsuite hostname="M7-DX-HWBMXJ2" name="Default test" tests="1" failures="0" timestamp="9 Aug 2019 07:31:42 GMT" time="0.659" errors="0">
  <testcase name="@BeforeClass setUpClass" time="0.0" classname="casestudy.runner">
    <failure type="cucumber.runtime.DuplicateStepDefinitionException" message="Duplicate step definitions in casestudy.registrationstepdefinition.navigateToHomePage() in file:/C:/week4/case2/target/classes/ and casestudy.login.navigateToHomePage() in file:/C:/week4/case2/target/classes/">
      <![CDATA[cucumber.runtime.DuplicateStepDefinitionException: Duplicate step definitions in casestudy.registrationstepdefinition.navigateToHomePage() in file:/C:/week4/case2/target/classes/ and casestudy.login.navigateToHomePage() in file:/C:/week4/case2/target/classes/
	at cucumber.runtime.RuntimeGlue.addStepDefinition(RuntimeGlue.java:33)
	at cucumber.runtime.java.JavaBackend.addStepDefinition(JavaBackend.java:117)
	at cucumber.runtime.java.MethodScanner.scan(MethodScanner.java:68)
	at cucumber.runtime.java.MethodScanner.scan(MethodScanner.java:41)
	at cucumber.runtime.java.JavaBackend.loadGlue(JavaBackend.java:78)
	at cucumber.runtime.Runtime.<init>(Runtime.java:91)
	at cucumber.runtime.Runtime.<init>(Runtime.java:69)
	at cucumber.runtime.Runtime.<init>(Runtime.java:65)
	at cucumber.api.testng.TestNGCucumberRunner.<init>(TestNGCucumberRunner.java:42)
	at cucumber.api.testng.AbstractTestNGCucumberTests.setUpClass(AbstractTestNGCucumberTests.java:16)
... Removed 24 stack frames]]>
    </failure>
  </testcase> <!-- @BeforeClass setUpClass -->
  <testcase name="@AfterClass tearDownClass" time="0.0" classname="casestudy.runner">
    <skipped/>
  </testcase> <!-- @AfterClass tearDownClass -->
  <testcase name="feature" time="0.0" classname="casestudy.runner">
    <skipped/>
  </testcase> <!-- feature -->
</testsuite> <!-- Default test -->
